<?xml version="1.0" encoding="UTF-8" ?>
<testsuite errors="0" failures="0" hostname="sokolanas-lx" name="com.nixsolutions.collection.ArrayIteratorTest" skipped="0" tests="5" time="0.034" timestamp="2017-07-21T16:23:11">
  <properties>
[...]
</properties>
  <testcase classname="com.nixsolutions.collection.ArrayIteratorTest" name="testNext" time="0.003" />
  <testcase classname="com.nixsolutions.collection.ArrayIteratorTest" name="testRemoveException" time="0.002" />
  <testcase classname="com.nixsolutions.collection.ArrayIteratorTest" name="testHasNext" time="0.0" />
  <testcase classname="com.nixsolutions.collection.ArrayIteratorTest" name="testNextException" time="0.0" />
  <testcase classname="com.nixsolutions.collection.ArrayIteratorTest" name="testRemove" time="0.0" />
  <system-out><![CDATA[]]></system-out>
  <system-err><![CDATA[]]></system-err>
</testsuite>
